Using pre-set license
Built from '2021.3/staging' branch; Version is '2021.3.9f1 (ad3870b89536) revision 11352176'; Using compiler version '192829333'; Build Type 'Release'
OS: 'Windows 10  (10.0.19044) 64bit Core' Language: 'en' Physical Memory: 15724 MB
BatchMode: 1, IsHumanControllingUs: 0, StartBugReporterOnCrash: 0, Is64bit: 1, IsPro: 1

COMMAND LINE ARGUMENTS:
C:\Program Files\Unity\Hub\Editor\2021.3.9f1\Editor\Unity.exe
-adb2
-batchMode
-noUpm
-name
AssetImportWorker1
-projectPath
C:/Users/basde/Documents/GitHub/Tower-Defense/BO1-Gimma
-logFile
Logs/AssetImportWorker1.log
-srvPort
53101
Successfully changed project path to: C:/Users/basde/Documents/GitHub/Tower-Defense/BO1-Gimma
C:/Users/basde/Documents/GitHub/Tower-Defense/BO1-Gimma
[UnityMemory] Configuration Parameters - Can be set up in boot.config
    "memorysetup-bucket-allocator-granularity=16"
    "memorysetup-bucket-allocator-bucket-count=8"
    "memorysetup-bucket-allocator-block-size=33554432"
    "memorysetup-bucket-allocator-block-count=8"
    "memorysetup-main-allocator-block-size=16777216"
    "memorysetup-thread-allocator-block-size=16777216"
    "memorysetup-gfx-main-allocator-block-size=16777216"
    "memorysetup-gfx-thread-allocator-block-size=16777216"
    "memorysetup-cache-allocator-block-size=4194304"
    "memorysetup-typetree-allocator-block-size=2097152"
    "memorysetup-profiler-bucket-allocator-granularity=16"
    "memorysetup-profiler-bucket-allocator-bucket-count=8"
    "memorysetup-profiler-bucket-allocator-block-size=33554432"
    "memorysetup-profiler-bucket-allocator-block-count=8"
    "memorysetup-profiler-allocator-block-size=16777216"
    "memorysetup-profiler-editor-allocator-block-size=1048576"
    "memorysetup-temp-allocator-size-main=16777216"
    "memorysetup-job-temp-allocator-block-size=2097152"
    "memorysetup-job-temp-allocator-block-size-background=1048576"
    "memorysetup-job-temp-allocator-reduction-small-platforms=262144"
    "memorysetup-temp-allocator-size-background-worker=32768"
    "memorysetup-temp-allocator-size-job-worker=262144"
    "memorysetup-temp-allocator-size-preload-manager=33554432"
    "memorysetup-temp-allocator-size-nav-mesh-worker=65536"
    "memorysetup-temp-allocator-size-audio-worker=65536"
    "memorysetup-temp-allocator-size-cloud-worker=32768"
    "memorysetup-temp-allocator-size-gi-baking-worker=262144"
    "memorysetup-temp-allocator-size-gfx=262144"
Refreshing native plugins compatible for Editor in 75.80 ms, found 3 plugins.
Preloading 0 native plugins for Editor in 0.00 ms.
Initialize engine version: 2021.3.9f1 (ad3870b89536)
[Subsystems] Discovering subsystems at path C:/Program Files/Unity/Hub/Editor/2021.3.9f1/Editor/Data/Resources/UnitySubsystems
[Subsystems] Discovering subsystems at path C:/Users/basde/Documents/GitHub/Tower-Defense/BO1-Gimma/Assets
GfxDevice: creating device client; threaded=0; jobified=0
Direct3D:
    Version:  Direct3D 11.0 [level 11.1]
    Renderer: NVIDIA GeForce RTX 3070 Laptop GPU (ID=0x249d)
    Vendor:   NVIDIA
    VRAM:     8044 MB
    Driver:   30.0.15.1274
Initialize mono
Mono path[0] = 'C:/Program Files/Unity/Hub/Editor/2021.3.9f1/Editor/Data/Managed'
Mono path[1] = 'C:/Program Files/Unity/Hub/Editor/2021.3.9f1/Editor/Data/MonoBleedingEdge/lib/mono/unityjit-win32'
Mono config path = 'C:/Program Files/Unity/Hub/Editor/2021.3.9f1/Editor/Data/MonoBleedingEdge/etc'
Using monoOptions --debugger-agent=transport=dt_socket,embedding=1,server=y,suspend=n,address=127.0.0.1:56364
Begin MonoManager ReloadAssembly
Registering precompiled unity dll's ...
Register platform support module: C:/Program Files/Unity/Hub/Editor/2021.3.9f1/Editor/Data/PlaybackEngines/WindowsStandaloneSupport/UnityEditor.WindowsStandalone.Extensions.dll
Registered in 0.005858 seconds.
Native extension for WindowsStandalone target not found
Refreshing native plugins compatible for Editor in 70.90 ms, found 3 plugins.
Preloading 0 native plugins for Editor in 0.00 ms.
Mono: successfully reloaded assembly
- Completed reload, in  0.539 seconds
Domain Reload Profiling:
	ReloadAssembly (539ms)
		BeginReloadAssembly (66ms)
			ExecutionOrderSort (0ms)
			DisableScriptedObjects (0ms)
			BackupInstance (0ms)
			ReleaseScriptingObjects (0ms)
			CreateAndSetChildDomain (1ms)
		EndReloadAssembly (381ms)
			LoadAssemblies (64ms)
			RebuildTransferFunctionScriptingTraits (0ms)
			SetupTypeCache (80ms)
			ReleaseScriptCaches (0ms)
			RebuildScriptCaches (21ms)
			SetupLoadedEditorAssemblies (238ms)
				LogAssemblyErrors (0ms)
				InitializePlatformSupportModulesInManaged (7ms)
				SetLoadedEditorAssemblies (0ms)
				RefreshPlugins (71ms)
				BeforeProcessingInitializeOnLoad (1ms)
				ProcessInitializeOnLoadAttributes (119ms)
				ProcessInitializeOnLoadMethodAttributes (39ms)
				AfterProcessingInitializeOnLoad (0ms)
				EditorAssembliesLoaded (0ms)
			ExecutionOrderSort2 (0ms)
			AwakeInstancesAfterBackupRestoration (0ms)
Platform modules already initialized, skipping
Registering precompiled user dll's ...
Registered in 0.004889 seconds.
Begin MonoManager ReloadAssembly
Symbol file LoadedFromMemory doesn't match image C:\Users\basde\Documents\GitHub\Tower-Defense\BO1-Gimma\Library\PackageCache\com.unity.visualscripting@1.7.8\Editor\VisualScripting.Core\Dependencies\YamlDotNet\Unity.VisualScripting.YamlDotNet.dll
Symbol file LoadedFromMemory doesn't match image C:\Users\basde\Documents\GitHub\Tower-Defense\BO1-Gimma\Library\PackageCache\com.unity.visualscripting@1.7.8\Editor\VisualScripting.Core\Dependencies\DotNetZip\Unity.VisualScripting.IonicZip.dll
Native extension for WindowsStandalone target not found
Refreshing native plugins compatible for Editor in 0.67 ms, found 3 plugins.
Preloading 0 native plugins for Editor in 0.00 ms.
Mono: successfully reloaded assembly
- Completed reload, in  0.844 seconds
Domain Reload Profiling:
	ReloadAssembly (845ms)
		BeginReloadAssembly (95ms)
			ExecutionOrderSort (0ms)
			DisableScriptedObjects (5ms)
			BackupInstance (0ms)
			ReleaseScriptingObjects (0ms)
			CreateAndSetChildDomain (17ms)
		EndReloadAssembly (654ms)
			LoadAssemblies (67ms)
			RebuildTransferFunctionScriptingTraits (0ms)
			SetupTypeCache (198ms)
			ReleaseScriptCaches (1ms)
			RebuildScriptCaches (38ms)
			SetupLoadedEditorAssemblies (317ms)
				LogAssemblyErrors (0ms)
				InitializePlatformSupportModulesInManaged (5ms)
				SetLoadedEditorAssemblies (0ms)
				RefreshPlugins (1ms)
				BeforeProcessingInitializeOnLoad (75ms)
				ProcessInitializeOnLoadAttributes (206ms)
				ProcessInitializeOnLoadMethodAttributes (23ms)
				AfterProcessingInitializeOnLoad (7ms)
				EditorAssembliesLoaded (0ms)
			ExecutionOrderSort2 (0ms)
			AwakeInstancesAfterBackupRestoration (8ms)
Platform modules already initialized, skipping
========================================================================
Worker process is ready to serve import requests
Launched and connected shader compiler UnityShaderCompiler.exe after 0.03 seconds
Refreshing native plugins compatible for Editor in 0.65 ms, found 3 plugins.
Preloading 0 native plugins for Editor in 0.00 ms.
Unloading 3406 Unused Serialized files (Serialized files now loaded: 0)
Unloading 27 unused Assets / (113.2 KB). Loaded Objects now: 3873.
Memory consumption went from 125.8 MB to 125.7 MB.
Total: 2.682600 ms (FindLiveObjects: 0.220000 ms CreateObjectMapping: 0.096200 ms MarkObjects: 2.251700 ms  DeleteObjects: 0.113900 ms)

AssetImportParameters requested are different than current active one (requested -> active):
  custom:video-decoder-ogg-theora: a1e56fd34408186e4bbccfd4996cb3dc -> 
  custom:container-muxer-webm: aa71ff27fc2769a1b78a27578f13a17b -> 
  custom:container-demuxer-webm: 4f35f7cbe854078d1ac9338744f61a02 -> 
  custom:video-encoder-webm-vp8: eb34c28f22e8b96e1ab97ce403110664 -> 
  custom:audio-encoder-webm-vorbis: bf7c407c2cedff20999df2af8eb42d56 -> 
  custom:framework-win-MediaFoundation: 216162199b28c13a410421893ffa2e32 -> 
  custom:container-demuxer-ogg: 62fdf1f143b41e24485cea50d1cbac27 -> 
  custom:video-decoder-webm-vp8: 9c59270c3fd7afecdb556c50c9e8de78 -> 
  custom:audio-decoder-ogg-vorbis: bf7c407c2cedff20999df2af8eb42d56 -> 
========================================================================
Received Prepare
Registering precompiled user dll's ...
Registered in 0.005558 seconds.
Begin MonoManager ReloadAssembly
Symbol file LoadedFromMemory doesn't match image C:\Users\basde\Documents\GitHub\Tower-Defense\BO1-Gimma\Library\PackageCache\com.unity.visualscripting@1.7.8\Editor\VisualScripting.Core\Dependencies\YamlDotNet\Unity.VisualScripting.YamlDotNet.dll
Symbol file LoadedFromMemory doesn't match image C:\Users\basde\Documents\GitHub\Tower-Defense\BO1-Gimma\Library\PackageCache\com.unity.visualscripting@1.7.8\Editor\VisualScripting.Core\Dependencies\DotNetZip\Unity.VisualScripting.IonicZip.dll
Native extension for WindowsStandalone target not found
Refreshing native plugins compatible for Editor in 0.93 ms, found 3 plugins.
Preloading 0 native plugins for Editor in 0.00 ms.
Mono: successfully reloaded assembly
- Completed reload, in  0.853 seconds
Domain Reload Profiling:
	ReloadAssembly (853ms)
		BeginReloadAssembly (123ms)
			ExecutionOrderSort (0ms)
			DisableScriptedObjects (5ms)
			BackupInstance (0ms)
			ReleaseScriptingObjects (0ms)
			CreateAndSetChildDomain (34ms)
		EndReloadAssembly (648ms)
			LoadAssemblies (73ms)
			RebuildTransferFunctionScriptingTraits (0ms)
			SetupTypeCache (203ms)
			ReleaseScriptCaches (1ms)
			RebuildScriptCaches (35ms)
			SetupLoadedEditorAssemblies (301ms)
				LogAssemblyErrors (0ms)
				InitializePlatformSupportModulesInManaged (12ms)
				SetLoadedEditorAssemblies (0ms)
				RefreshPlugins (1ms)
				BeforeProcessingInitializeOnLoad (60ms)
				ProcessInitializeOnLoadAttributes (193ms)
				ProcessInitializeOnLoadMethodAttributes (25ms)
				AfterProcessingInitializeOnLoad (8ms)
				EditorAssembliesLoaded (0ms)
			ExecutionOrderSort2 (0ms)
			AwakeInstancesAfterBackupRestoration (7ms)
Platform modules already initialized, skipping
Refreshing native plugins compatible for Editor in 2.19 ms, found 3 plugins.
Preloading 0 native plugins for Editor in 0.00 ms.
Unloading 3386 Unused Serialized files (Serialized files now loaded: 0)
Unloading 20 unused Assets / (81.3 KB). Loaded Objects now: 3876.
Memory consumption went from 124.2 MB to 124.2 MB.
Total: 3.233900 ms (FindLiveObjects: 0.290200 ms CreateObjectMapping: 0.258900 ms MarkObjects: 2.567100 ms  DeleteObjects: 0.116900 ms)

AssetImportParameters requested are different than current active one (requested -> active):
  custom:video-decoder-ogg-theora: a1e56fd34408186e4bbccfd4996cb3dc -> 
  custom:container-muxer-webm: aa71ff27fc2769a1b78a27578f13a17b -> 
  custom:container-demuxer-webm: 4f35f7cbe854078d1ac9338744f61a02 -> 
  custom:video-encoder-webm-vp8: eb34c28f22e8b96e1ab97ce403110664 -> 
  custom:audio-encoder-webm-vorbis: bf7c407c2cedff20999df2af8eb42d56 -> 
  custom:framework-win-MediaFoundation: 216162199b28c13a410421893ffa2e32 -> 
  custom:container-demuxer-ogg: 62fdf1f143b41e24485cea50d1cbac27 -> 
  custom:video-decoder-webm-vp8: 9c59270c3fd7afecdb556c50c9e8de78 -> 
  custom:audio-decoder-ogg-vorbis: bf7c407c2cedff20999df2af8eb42d56 -> 
========================================================================
Received Prepare
Registering precompiled user dll's ...
Registered in 0.004820 seconds.
Begin MonoManager ReloadAssembly
Symbol file LoadedFromMemory doesn't match image C:\Users\basde\Documents\GitHub\Tower-Defense\BO1-Gimma\Library\PackageCache\com.unity.visualscripting@1.7.8\Editor\VisualScripting.Core\Dependencies\YamlDotNet\Unity.VisualScripting.YamlDotNet.dll
Symbol file LoadedFromMemory doesn't match image C:\Users\basde\Documents\GitHub\Tower-Defense\BO1-Gimma\Library\PackageCache\com.unity.visualscripting@1.7.8\Editor\VisualScripting.Core\Dependencies\DotNetZip\Unity.VisualScripting.IonicZip.dll
Native extension for WindowsStandalone target not found
Refreshing native plugins compatible for Editor in 0.78 ms, found 3 plugins.
Preloading 0 native plugins for Editor in 0.00 ms.
Mono: successfully reloaded assembly
- Completed reload, in  0.826 seconds
Domain Reload Profiling:
	ReloadAssembly (827ms)
		BeginReloadAssembly (119ms)
			ExecutionOrderSort (0ms)
			DisableScriptedObjects (5ms)
			BackupInstance (0ms)
			ReleaseScriptingObjects (0ms)
			CreateAndSetChildDomain (34ms)
		EndReloadAssembly (629ms)
			LoadAssemblies (70ms)
			RebuildTransferFunctionScriptingTraits (0ms)
			SetupTypeCache (201ms)
			ReleaseScriptCaches (1ms)
			RebuildScriptCaches (32ms)
			SetupLoadedEditorAssemblies (291ms)
				LogAssemblyErrors (0ms)
				InitializePlatformSupportModulesInManaged (12ms)
				SetLoadedEditorAssemblies (0ms)
				RefreshPlugins (1ms)
				BeforeProcessingInitializeOnLoad (58ms)
				ProcessInitializeOnLoadAttributes (188ms)
				ProcessInitializeOnLoadMethodAttributes (25ms)
				AfterProcessingInitializeOnLoad (7ms)
				EditorAssembliesLoaded (0ms)
			ExecutionOrderSort2 (0ms)
			AwakeInstancesAfterBackupRestoration (7ms)
Platform modules already initialized, skipping
Refreshing native plugins compatible for Editor in 2.24 ms, found 3 plugins.
Preloading 0 native plugins for Editor in 0.00 ms.
Unloading 3386 Unused Serialized files (Serialized files now loaded: 0)
Unloading 20 unused Assets / (81.4 KB). Loaded Objects now: 3879.
Memory consumption went from 124.2 MB to 124.2 MB.
Total: 3.100200 ms (FindLiveObjects: 0.295800 ms CreateObjectMapping: 0.194200 ms MarkObjects: 2.498800 ms  DeleteObjects: 0.110400 ms)

AssetImportParameters requested are different than current active one (requested -> active):
  custom:video-decoder-ogg-theora: a1e56fd34408186e4bbccfd4996cb3dc -> 
  custom:container-muxer-webm: aa71ff27fc2769a1b78a27578f13a17b -> 
  custom:container-demuxer-webm: 4f35f7cbe854078d1ac9338744f61a02 -> 
  custom:video-encoder-webm-vp8: eb34c28f22e8b96e1ab97ce403110664 -> 
  custom:audio-encoder-webm-vorbis: bf7c407c2cedff20999df2af8eb42d56 -> 
  custom:framework-win-MediaFoundation: 216162199b28c13a410421893ffa2e32 -> 
  custom:container-demuxer-ogg: 62fdf1f143b41e24485cea50d1cbac27 -> 
  custom:video-decoder-webm-vp8: 9c59270c3fd7afecdb556c50c9e8de78 -> 
  custom:audio-decoder-ogg-vorbis: bf7c407c2cedff20999df2af8eb42d56 -> 
========================================================================
Received Prepare
Registering precompiled user dll's ...
Registered in 0.005380 seconds.
Begin MonoManager ReloadAssembly
Symbol file LoadedFromMemory doesn't match image C:\Users\basde\Documents\GitHub\Tower-Defense\BO1-Gimma\Library\PackageCache\com.unity.visualscripting@1.7.8\Editor\VisualScripting.Core\Dependencies\YamlDotNet\Unity.VisualScripting.YamlDotNet.dll
Symbol file LoadedFromMemory doesn't match image C:\Users\basde\Documents\GitHub\Tower-Defense\BO1-Gimma\Library\PackageCache\com.unity.visualscripting@1.7.8\Editor\VisualScripting.Core\Dependencies\DotNetZip\Unity.VisualScripting.IonicZip.dll
Native extension for WindowsStandalone target not found
Refreshing native plugins compatible for Editor in 0.83 ms, found 3 plugins.
Preloading 0 native plugins for Editor in 0.00 ms.
Mono: successfully reloaded assembly
- Completed reload, in  0.858 seconds
Domain Reload Profiling:
	ReloadAssembly (859ms)
		BeginReloadAssembly (120ms)
			ExecutionOrderSort (0ms)
			DisableScriptedObjects (5ms)
			BackupInstance (0ms)
			ReleaseScriptingObjects (0ms)
			CreateAndSetChildDomain (34ms)
		EndReloadAssembly (659ms)
			LoadAssemblies (74ms)
			RebuildTransferFunctionScriptingTraits (0ms)
			SetupTypeCache (205ms)
			ReleaseScriptCaches (1ms)
			RebuildScriptCaches (34ms)
			SetupLoadedEditorAssemblies (306ms)
				LogAssemblyErrors (0ms)
				InitializePlatformSupportModulesInManaged (13ms)
				SetLoadedEditorAssemblies (1ms)
				RefreshPlugins (1ms)
				BeforeProcessingInitializeOnLoad (61ms)
				ProcessInitializeOnLoadAttributes (194ms)
				ProcessInitializeOnLoadMethodAttributes (28ms)
				AfterProcessingInitializeOnLoad (8ms)
				EditorAssembliesLoaded (0ms)
			ExecutionOrderSort2 (0ms)
			AwakeInstancesAfterBackupRestoration (7ms)
Platform modules already initialized, skipping
Refreshing native plugins compatible for Editor in 2.03 ms, found 3 plugins.
Preloading 0 native plugins for Editor in 0.00 ms.
Unloading 3386 Unused Serialized files (Serialized files now loaded: 0)
Unloading 20 unused Assets / (81.3 KB). Loaded Objects now: 3882.
Memory consumption went from 124.2 MB to 124.2 MB.
Total: 3.112200 ms (FindLiveObjects: 0.216800 ms CreateObjectMapping: 0.168400 ms MarkObjects: 2.624000 ms  DeleteObjects: 0.102000 ms)

AssetImportParameters requested are different than current active one (requested -> active):
  custom:video-decoder-ogg-theora: a1e56fd34408186e4bbccfd4996cb3dc -> 
  custom:container-muxer-webm: aa71ff27fc2769a1b78a27578f13a17b -> 
  custom:container-demuxer-webm: 4f35f7cbe854078d1ac9338744f61a02 -> 
  custom:video-encoder-webm-vp8: eb34c28f22e8b96e1ab97ce403110664 -> 
  custom:audio-encoder-webm-vorbis: bf7c407c2cedff20999df2af8eb42d56 -> 
  custom:framework-win-MediaFoundation: 216162199b28c13a410421893ffa2e32 -> 
  custom:container-demuxer-ogg: 62fdf1f143b41e24485cea50d1cbac27 -> 
  custom:video-decoder-webm-vp8: 9c59270c3fd7afecdb556c50c9e8de78 -> 
  custom:audio-decoder-ogg-vorbis: bf7c407c2cedff20999df2af8eb42d56 -> 
========================================================================
Received Prepare
Registering precompiled user dll's ...
Registered in 0.005638 seconds.
Begin MonoManager ReloadAssembly
Symbol file LoadedFromMemory doesn't match image C:\Users\basde\Documents\GitHub\Tower-Defense\BO1-Gimma\Library\PackageCache\com.unity.visualscripting@1.7.8\Editor\VisualScripting.Core\Dependencies\YamlDotNet\Unity.VisualScripting.YamlDotNet.dll
Symbol file LoadedFromMemory doesn't match image C:\Users\basde\Documents\GitHub\Tower-Defense\BO1-Gimma\Library\PackageCache\com.unity.visualscripting@1.7.8\Editor\VisualScripting.Core\Dependencies\DotNetZip\Unity.VisualScripting.IonicZip.dll
Native extension for WindowsStandalone target not found
Refreshing native plugins compatible for Editor in 0.87 ms, found 3 plugins.
Preloading 0 native plugins for Editor in 0.00 ms.
Mono: successfully reloaded assembly
- Completed reload, in  0.851 seconds
Domain Reload Profiling:
	ReloadAssembly (851ms)
		BeginReloadAssembly (118ms)
			ExecutionOrderSort (0ms)
			DisableScriptedObjects (5ms)
			BackupInstance (0ms)
			ReleaseScriptingObjects (0ms)
			CreateAndSetChildDomain (31ms)
		EndReloadAssembly (649ms)
			LoadAssemblies (72ms)
			RebuildTransferFunctionScriptingTraits (0ms)
			SetupTypeCache (194ms)
			ReleaseScriptCaches (2ms)
			RebuildScriptCaches (34ms)
			SetupLoadedEditorAssemblies (309ms)
				LogAssemblyErrors (0ms)
				InitializePlatformSupportModulesInManaged (12ms)
				SetLoadedEditorAssemblies (0ms)
				RefreshPlugins (1ms)
				BeforeProcessingInitializeOnLoad (68ms)
				ProcessInitializeOnLoadAttributes (193ms)
				ProcessInitializeOnLoadMethodAttributes (26ms)
				AfterProcessingInitializeOnLoad (7ms)
				EditorAssembliesLoaded (0ms)
			ExecutionOrderSort2 (0ms)
			AwakeInstancesAfterBackupRestoration (8ms)
Platform modules already initialized, skipping
Refreshing native plugins compatible for Editor in 1.90 ms, found 3 plugins.
Preloading 0 native plugins for Editor in 0.00 ms.
Unloading 3386 Unused Serialized files (Serialized files now loaded: 0)
Unloading 20 unused Assets / (81.3 KB). Loaded Objects now: 3885.
Memory consumption went from 124.3 MB to 124.2 MB.
Total: 3.520300 ms (FindLiveObjects: 0.271400 ms CreateObjectMapping: 0.179400 ms MarkObjects: 2.889000 ms  DeleteObjects: 0.174500 ms)

AssetImportParameters requested are different than current active one (requested -> active):
  custom:video-decoder-ogg-theora: a1e56fd34408186e4bbccfd4996cb3dc -> 
  custom:container-muxer-webm: aa71ff27fc2769a1b78a27578f13a17b -> 
  custom:container-demuxer-webm: 4f35f7cbe854078d1ac9338744f61a02 -> 
  custom:video-encoder-webm-vp8: eb34c28f22e8b96e1ab97ce403110664 -> 
  custom:audio-encoder-webm-vorbis: bf7c407c2cedff20999df2af8eb42d56 -> 
  custom:framework-win-MediaFoundation: 216162199b28c13a410421893ffa2e32 -> 
  custom:container-demuxer-ogg: 62fdf1f143b41e24485cea50d1cbac27 -> 
  custom:video-decoder-webm-vp8: 9c59270c3fd7afecdb556c50c9e8de78 -> 
  custom:audio-decoder-ogg-vorbis: bf7c407c2cedff20999df2af8eb42d56 -> 
========================================================================
Received Import Request.
  Time since last request: 11995.125980 seconds.
  path: Assets/Enemy.prefab
  artifactKey: Guid(9ca6bea3b391d1c479aee8ae91605452) Importer(815301076,1909f56bfc062723c751e8b465ee728b)
Start importing Assets/Enemy.prefab using Guid(9ca6bea3b391d1c479aee8ae91605452) Importer(815301076,1909f56bfc062723c751e8b465ee728b)  -> (artifact id: '6e0163fdd60beea42a05d29d0f6a56fa') in 0.124541 seconds 
========================================================================
Received Prepare
Registering precompiled user dll's ...
Registered in 0.004721 seconds.
Begin MonoManager ReloadAssembly
Symbol file LoadedFromMemory doesn't match image C:\Users\basde\Documents\GitHub\Tower-Defense\BO1-Gimma\Library\PackageCache\com.unity.visualscripting@1.7.8\Editor\VisualScripting.Core\Dependencies\YamlDotNet\Unity.VisualScripting.YamlDotNet.dll
Symbol file LoadedFromMemory doesn't match image C:\Users\basde\Documents\GitHub\Tower-Defense\BO1-Gimma\Library\PackageCache\com.unity.visualscripting@1.7.8\Editor\VisualScripting.Core\Dependencies\DotNetZip\Unity.VisualScripting.IonicZip.dll
Native extension for WindowsStandalone target not found
Refreshing native plugins compatible for Editor in 0.79 ms, found 3 plugins.
Preloading 0 native plugins for Editor in 0.00 ms.
Mono: successfully reloaded assembly
- Completed reload, in  0.854 seconds
Domain Reload Profiling:
	ReloadAssembly (855ms)
		BeginReloadAssembly (118ms)
			ExecutionOrderSort (0ms)
			DisableScriptedObjects (4ms)
			BackupInstance (0ms)
			ReleaseScriptingObjects (0ms)
			CreateAndSetChildDomain (33ms)
		EndReloadAssembly (654ms)
			LoadAssemblies (72ms)
			RebuildTransferFunctionScriptingTraits (0ms)
			SetupTypeCache (199ms)
			ReleaseScriptCaches (1ms)
			RebuildScriptCaches (35ms)
			SetupLoadedEditorAssemblies (307ms)
				LogAssemblyErrors (0ms)
				InitializePlatformSupportModulesInManaged (12ms)
				SetLoadedEditorAssemblies (0ms)
				RefreshPlugins (1ms)
				BeforeProcessingInitializeOnLoad (62ms)
				ProcessInitializeOnLoadAttributes (196ms)
				ProcessInitializeOnLoadMethodAttributes (27ms)
				AfterProcessingInitializeOnLoad (7ms)
				EditorAssembliesLoaded (0ms)
			ExecutionOrderSort2 (0ms)
			AwakeInstancesAfterBackupRestoration (7ms)
Platform modules already initialized, skipping
Refreshing native plugins compatible for Editor in 2.32 ms, found 3 plugins.
Preloading 0 native plugins for Editor in 0.00 ms.
Unloading 3386 Unused Serialized files (Serialized files now loaded: 0)
Unloading 20 unused Assets / (81.4 KB). Loaded Objects now: 3896.
Memory consumption went from 128.7 MB to 128.6 MB.
Total: 3.543300 ms (FindLiveObjects: 0.272400 ms CreateObjectMapping: 0.182200 ms MarkObjects: 2.959300 ms  DeleteObjects: 0.128500 ms)

AssetImportParameters requested are different than current active one (requested -> active):
  custom:video-decoder-ogg-theora: a1e56fd34408186e4bbccfd4996cb3dc -> 
  custom:container-muxer-webm: aa71ff27fc2769a1b78a27578f13a17b -> 
  custom:container-demuxer-webm: 4f35f7cbe854078d1ac9338744f61a02 -> 
  custom:video-encoder-webm-vp8: eb34c28f22e8b96e1ab97ce403110664 -> 
  custom:audio-encoder-webm-vorbis: bf7c407c2cedff20999df2af8eb42d56 -> 
  custom:framework-win-MediaFoundation: 216162199b28c13a410421893ffa2e32 -> 
  custom:container-demuxer-ogg: 62fdf1f143b41e24485cea50d1cbac27 -> 
  custom:video-decoder-webm-vp8: 9c59270c3fd7afecdb556c50c9e8de78 -> 
  custom:audio-decoder-ogg-vorbis: bf7c407c2cedff20999df2af8eb42d56 -> 
========================================================================
Received Prepare
Registering precompiled user dll's ...
Registered in 0.005724 seconds.
Begin MonoManager ReloadAssembly
Symbol file LoadedFromMemory doesn't match image C:\Users\basde\Documents\GitHub\Tower-Defense\BO1-Gimma\Library\PackageCache\com.unity.visualscripting@1.7.8\Editor\VisualScripting.Core\Dependencies\YamlDotNet\Unity.VisualScripting.YamlDotNet.dll
Symbol file LoadedFromMemory doesn't match image C:\Users\basde\Documents\GitHub\Tower-Defense\BO1-Gimma\Library\PackageCache\com.unity.visualscripting@1.7.8\Editor\VisualScripting.Core\Dependencies\DotNetZip\Unity.VisualScripting.IonicZip.dll
Native extension for WindowsStandalone target not found
Refreshing native plugins compatible for Editor in 0.69 ms, found 3 plugins.
Preloading 0 native plugins for Editor in 0.00 ms.
Mono: successfully reloaded assembly
- Completed reload, in  0.833 seconds
Domain Reload Profiling:
	ReloadAssembly (834ms)
		BeginReloadAssembly (117ms)
			ExecutionOrderSort (0ms)
			DisableScriptedObjects (5ms)
			BackupInstance (0ms)
			ReleaseScriptingObjects (0ms)
			CreateAndSetChildDomain (31ms)
		EndReloadAssembly (636ms)
			LoadAssemblies (73ms)
			RebuildTransferFunctionScriptingTraits (0ms)
			SetupTypeCache (192ms)
			ReleaseScriptCaches (1ms)
			RebuildScriptCaches (33ms)
			SetupLoadedEditorAssemblies (301ms)
				LogAssemblyErrors (0ms)
				InitializePlatformSupportModulesInManaged (13ms)
				SetLoadedEditorAssemblies (0ms)
				RefreshPlugins (1ms)
				BeforeProcessingInitializeOnLoad (60ms)
				ProcessInitializeOnLoadAttributes (193ms)
				ProcessInitializeOnLoadMethodAttributes (27ms)
				AfterProcessingInitializeOnLoad (7ms)
				EditorAssembliesLoaded (0ms)
			ExecutionOrderSort2 (0ms)
			AwakeInstancesAfterBackupRestoration (7ms)
Platform modules already initialized, skipping
Refreshing native plugins compatible for Editor in 2.02 ms, found 3 plugins.
Preloading 0 native plugins for Editor in 0.00 ms.
Unloading 3386 Unused Serialized files (Serialized files now loaded: 0)
Unloading 20 unused Assets / (81.4 KB). Loaded Objects now: 3899.
Memory consumption went from 128.7 MB to 128.6 MB.
Total: 3.237800 ms (FindLiveObjects: 0.456600 ms CreateObjectMapping: 0.102900 ms MarkObjects: 2.573200 ms  DeleteObjects: 0.104200 ms)

AssetImportParameters requested are different than current active one (requested -> active):
  custom:video-decoder-ogg-theora: a1e56fd34408186e4bbccfd4996cb3dc -> 
  custom:container-muxer-webm: aa71ff27fc2769a1b78a27578f13a17b -> 
  custom:container-demuxer-webm: 4f35f7cbe854078d1ac9338744f61a02 -> 
  custom:video-encoder-webm-vp8: eb34c28f22e8b96e1ab97ce403110664 -> 
  custom:audio-encoder-webm-vorbis: bf7c407c2cedff20999df2af8eb42d56 -> 
  custom:framework-win-MediaFoundation: 216162199b28c13a410421893ffa2e32 -> 
  custom:container-demuxer-ogg: 62fdf1f143b41e24485cea50d1cbac27 -> 
  custom:video-decoder-webm-vp8: 9c59270c3fd7afecdb556c50c9e8de78 -> 
  custom:audio-decoder-ogg-vorbis: bf7c407c2cedff20999df2af8eb42d56 -> 
========================================================================
Received Prepare
Registering precompiled user dll's ...
Registered in 0.004799 seconds.
Begin MonoManager ReloadAssembly
Symbol file LoadedFromMemory doesn't match image C:\Users\basde\Documents\GitHub\Tower-Defense\BO1-Gimma\Library\PackageCache\com.unity.visualscripting@1.7.8\Editor\VisualScripting.Core\Dependencies\YamlDotNet\Unity.VisualScripting.YamlDotNet.dll
Symbol file LoadedFromMemory doesn't match image C:\Users\basde\Documents\GitHub\Tower-Defense\BO1-Gimma\Library\PackageCache\com.unity.visualscripting@1.7.8\Editor\VisualScripting.Core\Dependencies\DotNetZip\Unity.VisualScripting.IonicZip.dll
Native extension for WindowsStandalone target not found
Refreshing native plugins compatible for Editor in 0.70 ms, found 3 plugins.
Preloading 0 native plugins for Editor in 0.00 ms.
Mono: successfully reloaded assembly
- Completed reload, in  0.855 seconds
Domain Reload Profiling:
	ReloadAssembly (856ms)
		BeginReloadAssembly (118ms)
			ExecutionOrderSort (0ms)
			DisableScriptedObjects (5ms)
			BackupInstance (0ms)
			ReleaseScriptingObjects (0ms)
			CreateAndSetChildDomain (31ms)
		EndReloadAssembly (658ms)
			LoadAssemblies (71ms)
			RebuildTransferFunctionScriptingTraits (0ms)
			SetupTypeCache (206ms)
			ReleaseScriptCaches (1ms)
			RebuildScriptCaches (34ms)
			SetupLoadedEditorAssemblies (310ms)
				LogAssemblyErrors (0ms)
				InitializePlatformSupportModulesInManaged (12ms)
				SetLoadedEditorAssemblies (0ms)
				RefreshPlugins (1ms)
				BeforeProcessingInitializeOnLoad (64ms)
				ProcessInitializeOnLoadAttributes (199ms)
				ProcessInitializeOnLoadMethodAttributes (27ms)
				AfterProcessingInitializeOnLoad (7ms)
				EditorAssembliesLoaded (0ms)
			ExecutionOrderSort2 (0ms)
			AwakeInstancesAfterBackupRestoration (7ms)
Platform modules already initialized, skipping
Refreshing native plugins compatible for Editor in 2.06 ms, found 3 plugins.
Preloading 0 native plugins for Editor in 0.00 ms.
Unloading 3386 Unused Serialized files (Serialized files now loaded: 0)
Unloading 20 unused Assets / (81.3 KB). Loaded Objects now: 3902.
Memory consumption went from 128.7 MB to 128.6 MB.
Total: 3.050700 ms (FindLiveObjects: 0.273400 ms CreateObjectMapping: 0.185700 ms MarkObjects: 2.451700 ms  DeleteObjects: 0.138800 ms)

AssetImportParameters requested are different than current active one (requested -> active):
  custom:video-decoder-ogg-theora: a1e56fd34408186e4bbccfd4996cb3dc -> 
  custom:container-muxer-webm: aa71ff27fc2769a1b78a27578f13a17b -> 
  custom:container-demuxer-webm: 4f35f7cbe854078d1ac9338744f61a02 -> 
  custom:video-encoder-webm-vp8: eb34c28f22e8b96e1ab97ce403110664 -> 
  custom:audio-encoder-webm-vorbis: bf7c407c2cedff20999df2af8eb42d56 -> 
  custom:framework-win-MediaFoundation: 216162199b28c13a410421893ffa2e32 -> 
  custom:container-demuxer-ogg: 62fdf1f143b41e24485cea50d1cbac27 -> 
  custom:video-decoder-webm-vp8: 9c59270c3fd7afecdb556c50c9e8de78 -> 
  custom:audio-decoder-ogg-vorbis: bf7c407c2cedff20999df2af8eb42d56 -> 
========================================================================
Received Prepare
Registering precompiled user dll's ...
Registered in 0.005565 seconds.
Begin MonoManager ReloadAssembly
Symbol file LoadedFromMemory doesn't match image C:\Users\basde\Documents\GitHub\Tower-Defense\BO1-Gimma\Library\PackageCache\com.unity.visualscripting@1.7.8\Editor\VisualScripting.Core\Dependencies\YamlDotNet\Unity.VisualScripting.YamlDotNet.dll
Symbol file LoadedFromMemory doesn't match image C:\Users\basde\Documents\GitHub\Tower-Defense\BO1-Gimma\Library\PackageCache\com.unity.visualscripting@1.7.8\Editor\VisualScripting.Core\Dependencies\DotNetZip\Unity.VisualScripting.IonicZip.dll
Native extension for WindowsStandalone target not found
Refreshing native plugins compatible for Editor in 0.69 ms, found 3 plugins.
Preloading 0 native plugins for Editor in 0.00 ms.
Mono: successfully reloaded assembly
- Completed reload, in  0.831 seconds
Domain Reload Profiling:
	ReloadAssembly (831ms)
		BeginReloadAssembly (124ms)
			ExecutionOrderSort (0ms)
			DisableScriptedObjects (5ms)
			BackupInstance (0ms)
			ReleaseScriptingObjects (0ms)
			CreateAndSetChildDomain (31ms)
		EndReloadAssembly (628ms)
			LoadAssemblies (79ms)
			RebuildTransferFunctionScriptingTraits (0ms)
			SetupTypeCache (192ms)
			ReleaseScriptCaches (1ms)
			RebuildScriptCaches (32ms)
			SetupLoadedEditorAssemblies (295ms)
				LogAssemblyErrors (0ms)
				InitializePlatformSupportModulesInManaged (11ms)
				SetLoadedEditorAssemblies (0ms)
				RefreshPlugins (1ms)
				BeforeProcessingInitializeOnLoad (59ms)
				ProcessInitializeOnLoadAttributes (190ms)
				ProcessInitializeOnLoadMethodAttributes (26ms)
				AfterProcessingInitializeOnLoad (8ms)
				EditorAssembliesLoaded (0ms)
			ExecutionOrderSort2 (0ms)
			AwakeInstancesAfterBackupRestoration (7ms)
Platform modules already initialized, skipping
Refreshing native plugins compatible for Editor in 2.28 ms, found 3 plugins.
Preloading 0 native plugins for Editor in 0.00 ms.
Unloading 3386 Unused Serialized files (Serialized files now loaded: 0)
Unloading 20 unused Assets / (81.4 KB). Loaded Objects now: 3905.
Memory consumption went from 128.7 MB to 128.6 MB.
Total: 3.396500 ms (FindLiveObjects: 0.275700 ms CreateObjectMapping: 0.231900 ms MarkObjects: 2.753600 ms  DeleteObjects: 0.134700 ms)

AssetImportParameters requested are different than current active one (requested -> active):
  custom:video-decoder-ogg-theora: a1e56fd34408186e4bbccfd4996cb3dc -> 
  custom:container-muxer-webm: aa71ff27fc2769a1b78a27578f13a17b -> 
  custom:container-demuxer-webm: 4f35f7cbe854078d1ac9338744f61a02 -> 
  custom:video-encoder-webm-vp8: eb34c28f22e8b96e1ab97ce403110664 -> 
  custom:audio-encoder-webm-vorbis: bf7c407c2cedff20999df2af8eb42d56 -> 
  custom:framework-win-MediaFoundation: 216162199b28c13a410421893ffa2e32 -> 
  custom:container-demuxer-ogg: 62fdf1f143b41e24485cea50d1cbac27 -> 
  custom:video-decoder-webm-vp8: 9c59270c3fd7afecdb556c50c9e8de78 -> 
  custom:audio-decoder-ogg-vorbis: bf7c407c2cedff20999df2af8eb42d56 -> 
========================================================================
Received Import Request.
  Time since last request: 119.777013 seconds.
  path: Assets/Enemy.prefab
  artifactKey: Guid(9ca6bea3b391d1c479aee8ae91605452) Importer(815301076,1909f56bfc062723c751e8b465ee728b)
Start importing Assets/Enemy.prefab using Guid(9ca6bea3b391d1c479aee8ae91605452) Importer(815301076,1909f56bfc062723c751e8b465ee728b)  -> (artifact id: '928574af65f3581929c17f8cab5e39e3') in 0.083206 seconds 
========================================================================
Received Import Request.
  Time since last request: 353.358314 seconds.
  path: Assets/Update/Isometric Tower Defense Pack/Sprites/Towers/Barrack/barrack_level_1 (2).png
  artifactKey: Guid(7277b73b4f6bfab4aa55a3e31910f039) Importer(815301076,1909f56bfc062723c751e8b465ee728b)
Start importing Assets/Update/Isometric Tower Defense Pack/Sprites/Towers/Barrack/barrack_level_1 (2).png using Guid(7277b73b4f6bfab4aa55a3e31910f039) Importer(815301076,1909f56bfc062723c751e8b465ee728b)  -> (artifact id: 'e5c2857a0b903f84c8bdfc4c5d36a74e') in 0.048905 seconds 
========================================================================
Received Import Request.
  Time since last request: 1.665234 seconds.
  path: Assets/Update/Isometric Tower Defense Pack/Sprites/Towers/Barrack/barrack_level_3 (1).png
  artifactKey: Guid(46dc03089741ce4469be9b8a6fe6d715) Importer(815301076,1909f56bfc062723c751e8b465ee728b)
Start importing Assets/Update/Isometric Tower Defense Pack/Sprites/Towers/Barrack/barrack_level_3 (1).png using Guid(46dc03089741ce4469be9b8a6fe6d715) Importer(815301076,1909f56bfc062723c751e8b465ee728b)  -> (artifact id: '7824cc13544a64a943e4c98384fdfeb0') in 0.027149 seconds 
========================================================================
Received Import Request.
  Time since last request: 0.945638 seconds.
  path: Assets/Update/Isometric Tower Defense Pack/Sprites/Landscape tiles/buildingPlaceSnow.png
  artifactKey: Guid(49bc38e1dd16d094ab20e22f2731fe6a) Importer(815301076,1909f56bfc062723c751e8b465ee728b)
Start importing Assets/Update/Isometric Tower Defense Pack/Sprites/Landscape tiles/buildingPlaceSnow.png using Guid(49bc38e1dd16d094ab20e22f2731fe6a) Importer(815301076,1909f56bfc062723c751e8b465ee728b)  -> (artifact id: 'd0c83be4eb20e4e47a834f7670a3f15c') in 0.032297 seconds 
========================================================================
Received Import Request.
  Time since last request: 0.031915 seconds.
  path: Assets/Update/Isometric Tower Defense Pack/Sprites/Enviroument tiles/Desert biome/cactuses/cactus(2).png
  artifactKey: Guid(499139a5025b4ec4892158631e2073a8) Importer(815301076,1909f56bfc062723c751e8b465ee728b)
Start importing Assets/Update/Isometric Tower Defense Pack/Sprites/Enviroument tiles/Desert biome/cactuses/cactus(2).png using Guid(499139a5025b4ec4892158631e2073a8) Importer(815301076,1909f56bfc062723c751e8b465ee728b)  -> (artifact id: 'e55fe9df648a13a4b62d5e182c6e81b6') in 0.018970 seconds 
========================================================================
Received Import Request.
  Time since last request: 0.026021 seconds.
  path: Assets/Update/Isometric Tower Defense Pack/Sprites/Enviroument tiles/Desert biome/cactuses/cactus(4).png
  artifactKey: Guid(05ab9af2583685b4780f2a90d62d448b) Importer(815301076,1909f56bfc062723c751e8b465ee728b)
Start importing Assets/Update/Isometric Tower Defense Pack/Sprites/Enviroument tiles/Desert biome/cactuses/cactus(4).png using Guid(05ab9af2583685b4780f2a90d62d448b) Importer(815301076,1909f56bfc062723c751e8b465ee728b)  -> (artifact id: '975c3b348b8040322a66f9b4a9852a93') in 0.018947 seconds 
========================================================================
Received Import Request.
  Time since last request: 0.115757 seconds.
  path: Assets/Update/Isometric Tower Defense Pack/Sprites/Enviroument tiles/crystal(1).png
  artifactKey: Guid(259beb6d93965f340be5c74bdfe163a8) Importer(815301076,1909f56bfc062723c751e8b465ee728b)
Start importing Assets/Update/Isometric Tower Defense Pack/Sprites/Enviroument tiles/crystal(1).png using Guid(259beb6d93965f340be5c74bdfe163a8) Importer(815301076,1909f56bfc062723c751e8b465ee728b)  -> (artifact id: 'eebd96028d0a80dc3f850d4fffa04752') in 0.022395 seconds 
========================================================================
Received Import Request.
  Time since last request: 0.374048 seconds.
  path: Assets/Update/Isometric Tower Defense Pack/Sprites/Enviroument tiles/crystal(3).png
  artifactKey: Guid(d4ec7e84c7000ab41b12d57df92bc6e3) Importer(815301076,1909f56bfc062723c751e8b465ee728b)
Start importing Assets/Update/Isometric Tower Defense Pack/Sprites/Enviroument tiles/crystal(3).png using Guid(d4ec7e84c7000ab41b12d57df92bc6e3) Importer(815301076,1909f56bfc062723c751e8b465ee728b)  -> (artifact id: 'd39008fbf9c8fc7a164937d113a58c52') in 0.030140 seconds 
========================================================================
Received Import Request.
  Time since last request: 0.034183 seconds.
  path: Assets/Update/Isometric Tower Defense Pack/Sprites/Enviroument tiles/Spring biome/grass decoration/grass_decoration(1).png
  artifactKey: Guid(73bcaf0dd9050a54fab09f1c62841342) Importer(815301076,1909f56bfc062723c751e8b465ee728b)
Start importing Assets/Update/Isometric Tower Defense Pack/Sprites/Enviroument tiles/Spring biome/grass decoration/grass_decoration(1).png using Guid(73bcaf0dd9050a54fab09f1c62841342) Importer(815301076,1909f56bfc062723c751e8b465ee728b)  -> (artifact id: 'ed7e0309ca7f4664bdb5f9c6453dfc96') in 0.018519 seconds 
========================================================================
Received Import Request.
  Time since last request: 0.087408 seconds.
  path: Assets/Update/Isometric Tower Defense Pack/Sprites/Enviroument tiles/Spring biome/grass decoration/grass_decoration(2)_1.png
  artifactKey: Guid(a3f861b08f4081344a12a44498b2ba5f) Importer(815301076,1909f56bfc062723c751e8b465ee728b)
Start importing Assets/Update/Isometric Tower Defense Pack/Sprites/Enviroument tiles/Spring biome/grass decoration/grass_decoration(2)_1.png using Guid(a3f861b08f4081344a12a44498b2ba5f) Importer(815301076,1909f56bfc062723c751e8b465ee728b)  -> (artifact id: '9fb84e18e6bfd839ddd66419c632752b') in 0.022365 seconds 
========================================================================
Received Import Request.
  Time since last request: 0.035006 seconds.
  path: Assets/Update/Isometric Tower Defense Pack/Sprites/Enviroument tiles/Spring biome/grass decoration/grass_decoration(5).png
  artifactKey: Guid(f211161b443b9414e898e7879dcaa0e0) Importer(815301076,1909f56bfc062723c751e8b465ee728b)
Start importing Assets/Update/Isometric Tower Defense Pack/Sprites/Enviroument tiles/Spring biome/grass decoration/grass_decoration(5).png using Guid(f211161b443b9414e898e7879dcaa0e0) Importer(815301076,1909f56bfc062723c751e8b465ee728b)  -> (artifact id: '495793a3ddf2644ca62d589dcd08f792') in 0.016859 seconds 
========================================================================
Received Import Request.
  Time since last request: 0.395033 seconds.
  path: Assets/Update/Isometric Tower Defense Pack/Sprites/Enviroument tiles/Spring biome/grass decoration/grass_decoration(7).png
  artifactKey: Guid(29d945ddd37937c4aaef1c94d19b7ac0) Importer(815301076,1909f56bfc062723c751e8b465ee728b)
Start importing Assets/Update/Isometric Tower Defense Pack/Sprites/Enviroument tiles/Spring biome/grass decoration/grass_decoration(7).png using Guid(29d945ddd37937c4aaef1c94d19b7ac0) Importer(815301076,1909f56bfc062723c751e8b465ee728b)  -> (artifact id: '1ac03dd1d627a5b418a5dd03b45f5973') in 0.021817 seconds 
========================================================================
Received Import Request.
  Time since last request: 0.017046 seconds.
  path: Assets/Update/Isometric Tower Defense Pack/Sprites/Enviroument tiles/Spring biome/grass decoration/grass_decoration(9).png
  artifactKey: Guid(f90efbd363e2a514e8d75e0c58a78389) Importer(815301076,1909f56bfc062723c751e8b465ee728b)
Start importing Assets/Update/Isometric Tower Defense Pack/Sprites/Enviroument tiles/Spring biome/grass decoration/grass_decoration(9).png using Guid(f90efbd363e2a514e8d75e0c58a78389) Importer(815301076,1909f56bfc062723c751e8b465ee728b)  -> (artifact id: '0a547c7b95befc8d150d96b5c6fc97c5') in 0.017150 seconds 
========================================================================
Received Import Request.
  Time since last request: 0.019903 seconds.
  path: Assets/Update/Isometric Tower Defense Pack/Sprites/Towers/Barrack/knight_level_2.png
  artifactKey: Guid(22db25a1aa4c4f640b2cf17f4399dabf) Importer(815301076,1909f56bfc062723c751e8b465ee728b)
Start importing Assets/Update/Isometric Tower Defense Pack/Sprites/Towers/Barrack/knight_level_2.png using Guid(22db25a1aa4c4f640b2cf17f4399dabf) Importer(815301076,1909f56bfc062723c751e8b465ee728b)  -> (artifact id: '8d9188a6cc62c9ec14acbbd89673ce6b') in 0.017653 seconds 
========================================================================
Received Import Request.
  Time since last request: 0.014955 seconds.
  path: Assets/Update/Isometric Tower Defense Pack/Sprites/Road tiles/Desert biome/road_desert(1).png
  artifactKey: Guid(3f0a347ac17ebf741a4b50a2cadd1b1f) Importer(815301076,1909f56bfc062723c751e8b465ee728b)
Start importing Assets/Update/Isometric Tower Defense Pack/Sprites/Road tiles/Desert biome/road_desert(1).png using Guid(3f0a347ac17ebf741a4b50a2cadd1b1f) Importer(815301076,1909f56bfc062723c751e8b465ee728b)  -> (artifact id: '3237bbd838cbabec659d702d00b1641e') in 0.020887 seconds 
========================================================================
Received Import Request.
  Time since last request: 0.067494 seconds.
  path: Assets/Update/Isometric Tower Defense Pack/Sprites/Road tiles/Desert biome/road_desert(3).png
  artifactKey: Guid(c7e24263be0c72d4ba905e92745b3450) Importer(815301076,1909f56bfc062723c751e8b465ee728b)
Start importing Assets/Update/Isometric Tower Defense Pack/Sprites/Road tiles/Desert biome/road_desert(3).png using Guid(c7e24263be0c72d4ba905e92745b3450) Importer(815301076,1909f56bfc062723c751e8b465ee728b)  -> (artifact id: 'a51844bdc576788c251e891838af07e9') in 0.023032 seconds 
========================================================================
Received Import Request.
  Time since last request: 0.505656 seconds.
  path: Assets/Update/Isometric Tower Defense Pack/Sprites/Road tiles/Desert biome/road_desert(5).png
  artifactKey: Guid(15dd0ead7921f3540b4a4a93b0398684) Importer(815301076,1909f56bfc062723c751e8b465ee728b)
Start importing Assets/Update/Isometric Tower Defense Pack/Sprites/Road tiles/Desert biome/road_desert(5).png using Guid(15dd0ead7921f3540b4a4a93b0398684) Importer(815301076,1909f56bfc062723c751e8b465ee728b)  -> (artifact id: 'c3ca3c2265ca6050c8788e6493b2cec2') in 0.031001 seconds 
========================================================================
Received Import Request.
  Time since last request: 0.029844 seconds.
  path: Assets/Update/Isometric Tower Defense Pack/Sprites/Road tiles/Desert biome/road_desert(7).png
  artifactKey: Guid(84587e2b355cac9448cc910d732e6f8b) Importer(815301076,1909f56bfc062723c751e8b465ee728b)
Start importing Assets/Update/Isometric Tower Defense Pack/Sprites/Road tiles/Desert biome/road_desert(7).png using Guid(84587e2b355cac9448cc910d732e6f8b) Importer(815301076,1909f56bfc062723c751e8b465ee728b)  -> (artifact id: 'cec6f5955ed65805b1eb89675fa19ae6') in 0.023317 seconds 
========================================================================
Received Import Request.
  Time since last request: 0.022258 seconds.
  path: Assets/Update/Isometric Tower Defense Pack/Sprites/Road tiles/Desert biome/road_desert(9).png
  artifactKey: Guid(131867a41b096874b98e66a783c86c6f) Importer(815301076,1909f56bfc062723c751e8b465ee728b)
Start importing Assets/Update/Isometric Tower Defense Pack/Sprites/Road tiles/Desert biome/road_desert(9).png using Guid(131867a41b096874b98e66a783c86c6f) Importer(815301076,1909f56bfc062723c751e8b465ee728b)  -> (artifact id: '7d658ab56e9b783dfc27f411b3f37452') in 0.021394 seconds 
========================================================================
Received Import Request.
  Time since last request: 0.029579 seconds.
  path: Assets/Update/Isometric Tower Defense Pack/Sprites/Road tiles/Desert biome/road_desert(11).png
  artifactKey: Guid(e4cf30ff93a512b40afc52faa4bc77e5) Importer(815301076,1909f56bfc062723c751e8b465ee728b)
Start importing Assets/Update/Isometric Tower Defense Pack/Sprites/Road tiles/Desert biome/road_desert(11).png using Guid(e4cf30ff93a512b40afc52faa4bc77e5) Importer(815301076,1909f56bfc062723c751e8b465ee728b)  -> (artifact id: 'd58e79c64a080f1148a38bd25cc7fde9') in 0.021348 seconds 
========================================================================
Received Import Request.
  Time since last request: 0.018017 seconds.
  path: Assets/Update/Isometric Tower Defense Pack/Sprites/Road tiles/Spring biome/road_spring(2).png
  artifactKey: Guid(f4016d2acf0bd63469e07edfda434125) Importer(815301076,1909f56bfc062723c751e8b465ee728b)
Start importing Assets/Update/Isometric Tower Defense Pack/Sprites/Road tiles/Spring biome/road_spring(2).png using Guid(f4016d2acf0bd63469e07edfda434125) Importer(815301076,1909f56bfc062723c751e8b465ee728b)  -> (artifact id: 'e710c999280556ba255b0699216bfb99') in 0.021402 seconds 
========================================================================
Received Import Request.
  Time since last request: 0.000016 seconds.
  path: Assets/Update/Isometric Tower Defense Pack/Sprites/Road tiles/Spring biome/road_spring(4).png
  artifactKey: Guid(ea8f3680d7c7e6e4595800571e15209f) Importer(815301076,1909f56bfc062723c751e8b465ee728b)
Start importing Assets/Update/Isometric Tower Defense Pack/Sprites/Road tiles/Spring biome/road_spring(4).png using Guid(ea8f3680d7c7e6e4595800571e15209f) Importer(815301076,1909f56bfc062723c751e8b465ee728b)  -> (artifact id: 'e21e93dd5185d601a4c018afac518f00') in 0.028712 seconds 
========================================================================
Received Import Request.
  Time since last request: 0.374417 seconds.
  path: Assets/Update/Isometric Tower Defense Pack/Sprites/Road tiles/Spring biome/road_spring(6).png
  artifactKey: Guid(f31c72aa92f107642ac5c6192956cb8e) Importer(815301076,1909f56bfc062723c751e8b465ee728b)
Start importing Assets/Update/Isometric Tower Defense Pack/Sprites/Road tiles/Spring biome/road_spring(6).png using Guid(f31c72aa92f107642ac5c6192956cb8e) Importer(815301076,1909f56bfc062723c751e8b465ee728b)  -> (artifact id: '206aba980e553f8253b1b0671d834949') in 0.025436 seconds 
========================================================================
Received Import Request.
  Time since last request: 0.000016 seconds.
  path: Assets/Update/Isometric Tower Defense Pack/Sprites/Road tiles/Spring biome/road_spring(7).png
  artifactKey: Guid(bda8c499111718d42abcf68129fb2de6) Importer(815301076,1909f56bfc062723c751e8b465ee728b)
Start importing Assets/Update/Isometric Tower Defense Pack/Sprites/Road tiles/Spring biome/road_spring(7).png using Guid(bda8c499111718d42abcf68129fb2de6) Importer(815301076,1909f56bfc062723c751e8b465ee728b)  -> (artifact id: '81e33d7958b66407324f0de1fe21a13e') in 0.025650 seconds 
========================================================================
Received Import Request.
  Time since last request: 0.019054 seconds.
  path: Assets/Update/Isometric Tower Defense Pack/Sprites/Road tiles/Spring biome/road_spring(11).png
  artifactKey: Guid(f864340429691c84cafff4c1f145c348) Importer(815301076,1909f56bfc062723c751e8b465ee728b)
Start importing Assets/Update/Isometric Tower Defense Pack/Sprites/Road tiles/Spring biome/road_spring(11).png using Guid(f864340429691c84cafff4c1f145c348) Importer(815301076,1909f56bfc062723c751e8b465ee728b)  -> (artifact id: '3dbd638640aaf081050ec4847cb0b09a') in 0.022340 seconds 
========================================================================
Received Import Request.
  Time since last request: 0.000016 seconds.
  path: Assets/Update/Isometric Tower Defense Pack/Sprites/Road tiles/Winter biome/road_winter(1).png
  artifactKey: Guid(de5093ff3489994459d47059bf888943) Importer(815301076,1909f56bfc062723c751e8b465ee728b)
Start importing Assets/Update/Isometric Tower Defense Pack/Sprites/Road tiles/Winter biome/road_winter(1).png using Guid(de5093ff3489994459d47059bf888943) Importer(815301076,1909f56bfc062723c751e8b465ee728b)  -> (artifact id: '24955cdf75f456d53c34194d6edddedc') in 0.024941 seconds 
========================================================================
Received Import Request.
  Time since last request: 0.000018 seconds.
  path: Assets/Update/Isometric Tower Defense Pack/Sprites/Road tiles/Winter biome/road_winter(3).png
  artifactKey: Guid(6b4294d41decf6245b47a0482e7bd0ad) Importer(815301076,1909f56bfc062723c751e8b465ee728b)
Start importing Assets/Update/Isometric Tower Defense Pack/Sprites/Road tiles/Winter biome/road_winter(3).png using Guid(6b4294d41decf6245b47a0482e7bd0ad) Importer(815301076,1909f56bfc062723c751e8b465ee728b)  -> (artifact id: 'e84a99d71c470b634d0f6ac0ffabc292') in 0.027062 seconds 
========================================================================
Received Import Request.
  Time since last request: 0.163057 seconds.
  path: Assets/Update/Isometric Tower Defense Pack/Sprites/Road tiles/Winter biome/road_winter(5).png
  artifactKey: Guid(cccd963d8075c164c93c7d5154fe2c56) Importer(815301076,1909f56bfc062723c751e8b465ee728b)
Start importing Assets/Update/Isometric Tower Defense Pack/Sprites/Road tiles/Winter biome/road_winter(5).png using Guid(cccd963d8075c164c93c7d5154fe2c56) Importer(815301076,1909f56bfc062723c751e8b465ee728b)  -> (artifact id: '0a78d97ae770941278fe03ee4bfccc62') in 0.022919 seconds 
========================================================================
Received Import Request.
  Time since last request: 0.000022 seconds.
  path: Assets/Update/Isometric Tower Defense Pack/Sprites/Road tiles/Winter biome/road_winter(6).png
  artifactKey: Guid(fa5f67f8b8d177e47a824af2cf3de863) Importer(815301076,1909f56bfc062723c751e8b465ee728b)
Start importing Assets/Update/Isometric Tower Defense Pack/Sprites/Road tiles/Winter biome/road_winter(6).png using Guid(fa5f67f8b8d177e47a824af2cf3de863) Importer(815301076,1909f56bfc062723c751e8b465ee728b)  -> (artifact id: '96a9b0e202b7307420d0d2278fc01ea2') in 0.027206 seconds 
========================================================================
Received Import Request.
  Time since last request: 0.000028 seconds.
  path: Assets/Update/Isometric Tower Defense Pack/Sprites/Road tiles/Winter biome/road_winter(10).png
  artifactKey: Guid(90b05767c233208479f8c4ca186c0917) Importer(815301076,1909f56bfc062723c751e8b465ee728b)
Start importing Assets/Update/Isometric Tower Defense Pack/Sprites/Road tiles/Winter biome/road_winter(10).png using Guid(90b05767c233208479f8c4ca186c0917) Importer(815301076,1909f56bfc062723c751e8b465ee728b)  -> (artifact id: '177491531fd54d70d69da41c42e09a69') in 0.029704 seconds 
========================================================================
Received Import Request.
  Time since last request: 0.000028 seconds.
  path: Assets/Update/Isometric Tower Defense Pack/Sprites/Enviroument tiles/Desert biome/desert decoration/sand_decoration(3).png
  artifactKey: Guid(1c4d77672ea43d64cb23a47d9dbb9c66) Importer(815301076,1909f56bfc062723c751e8b465ee728b)
Start importing Assets/Update/Isometric Tower Defense Pack/Sprites/Enviroument tiles/Desert biome/desert decoration/sand_decoration(3).png using Guid(1c4d77672ea43d64cb23a47d9dbb9c66) Importer(815301076,1909f56bfc062723c751e8b465ee728b)  -> (artifact id: 'bc0cc17044e94d8ebc3225ae54ad134a') in 0.025250 seconds 
========================================================================
Received Import Request.
  Time since last request: 0.000032 seconds.
  path: Assets/Update/Isometric Tower Defense Pack/Sprites/Landscape tiles/sand.png
  artifactKey: Guid(3187c92d297e6f2499cf6a6e3eed623c) Importer(815301076,1909f56bfc062723c751e8b465ee728b)
Start importing Assets/Update/Isometric Tower Defense Pack/Sprites/Landscape tiles/sand.png using Guid(3187c92d297e6f2499cf6a6e3eed623c) Importer(815301076,1909f56bfc062723c751e8b465ee728b)  -> (artifact id: '9b57f4fe68d63f4a36298258e91d972d') in 0.038166 seconds 
========================================================================
Received Import Request.
  Time since last request: 0.000029 seconds.
  path: Assets/Update/Isometric Tower Defense Pack/Sprites/Road tiles/Winter biome/road_winter(9).png
  artifactKey: Guid(d0d835a0800a4964cb4dd60618402440) Importer(815301076,1909f56bfc062723c751e8b465ee728b)
Start importing Assets/Update/Isometric Tower Defense Pack/Sprites/Road tiles/Winter biome/road_winter(9).png using Guid(d0d835a0800a4964cb4dd60618402440) Importer(815301076,1909f56bfc062723c751e8b465ee728b)  -> (artifact id: '04da51c21d7eeb7db7ed2bc04b6261cb') in 0.028089 seconds 
========================================================================
Received Import Request.
  Time since last request: 0.091452 seconds.
  path: Assets/Update/Isometric Tower Defense Pack/Sprites/Enviroument tiles/Desert biome/desert decoration/sand_decoration(5).png
  artifactKey: Guid(4268f9abda9291044aae4c2ff1e9ec74) Importer(815301076,1909f56bfc062723c751e8b465ee728b)
Start importing Assets/Update/Isometric Tower Defense Pack/Sprites/Enviroument tiles/Desert biome/desert decoration/sand_decoration(5).png using Guid(4268f9abda9291044aae4c2ff1e9ec74) Importer(815301076,1909f56bfc062723c751e8b465ee728b)  -> (artifact id: '97d16ccc641891dbf725d640a8ca3031') in 0.019371 seconds 
========================================================================
Received Import Request.
  Time since last request: 0.000020 seconds.
  path: Assets/Update/Isometric Tower Defense Pack/Sprites/Enviroument tiles/Desert biome/desert decoration/sand_decoration(7).png
  artifactKey: Guid(4c07ba0a9bb39994a849a45b7885fbbc) Importer(815301076,1909f56bfc062723c751e8b465ee728b)
Start importing Assets/Update/Isometric Tower Defense Pack/Sprites/Enviroument tiles/Desert biome/desert decoration/sand_decoration(7).png using Guid(4c07ba0a9bb39994a849a45b7885fbbc) Importer(815301076,1909f56bfc062723c751e8b465ee728b)  -> (artifact id: 'e1c829b25ae98a2989cb2ec84ff2745c') in 0.039612 seconds 
========================================================================
Received Import Request.
  Time since last request: 0.000028 seconds.
  path: Assets/Update/Isometric Tower Defense Pack/Sprites/Enviroument tiles/Desert biome/desert decoration/sand_decoration(6).png
  artifactKey: Guid(e2bb5f05f8a65774cb91ca0ccee44ffd) Importer(815301076,1909f56bfc062723c751e8b465ee728b)
Start importing Assets/Update/Isometric Tower Defense Pack/Sprites/Enviroument tiles/Desert biome/desert decoration/sand_decoration(6).png using Guid(e2bb5f05f8a65774cb91ca0ccee44ffd) Importer(815301076,1909f56bfc062723c751e8b465ee728b)  -> (artifact id: 'ea5f706abdc098cc77c9ff201d35c45c') in 0.025820 seconds 
========================================================================
Received Import Request.
  Time since last request: 0.000025 seconds.
  path: Assets/Update/Isometric Tower Defense Pack/Sprites/Enviroument tiles/Desert biome/desert decoration/sand_decoration(8).png
  artifactKey: Guid(25ee90876ff53c649b4b42a1efb2ca69) Importer(815301076,1909f56bfc062723c751e8b465ee728b)
Start importing Assets/Update/Isometric Tower Defense Pack/Sprites/Enviroument tiles/Desert biome/desert decoration/sand_decoration(8).png using Guid(25ee90876ff53c649b4b42a1efb2ca69) Importer(815301076,1909f56bfc062723c751e8b465ee728b)  -> (artifact id: '7c08d0f5384c767b88447dbe5269d92d') in 0.026581 seconds 
========================================================================
Received Import Request.
  Time since last request: 0.000032 seconds.
  path: Assets/Update/Isometric Tower Defense Pack/Sprites/Enviroument tiles/Winter biome/snow decoration/snow_decoration(2).png
  artifactKey: Guid(fd9f0ab3dd99a8b4d8c08f8f83a11ccb) Importer(815301076,1909f56bfc062723c751e8b465ee728b)
Start importing Assets/Update/Isometric Tower Defense Pack/Sprites/Enviroument tiles/Winter biome/snow decoration/snow_decoration(2).png using Guid(fd9f0ab3dd99a8b4d8c08f8f83a11ccb) Importer(815301076,1909f56bfc062723c751e8b465ee728b)  -> (artifact id: '50d6b143ed029622e416fa511412f298') in 0.024711 seconds 
========================================================================
Received Import Request.
  Time since last request: 0.000052 seconds.
  path: Assets/Update/Isometric Tower Defense Pack/Sprites/Towers/Barrack/shield.png
  artifactKey: Guid(f607e217c5863f146a5acea8ff67104c) Importer(815301076,1909f56bfc062723c751e8b465ee728b)
Start importing Assets/Update/Isometric Tower Defense Pack/Sprites/Towers/Barrack/shield.png using Guid(f607e217c5863f146a5acea8ff67104c) Importer(815301076,1909f56bfc062723c751e8b465ee728b)  -> (artifact id: '88bba2741ece371d33872c0ee10e4948') in 0.024228 seconds 
========================================================================
Received Import Request.
  Time since last request: 0.074171 seconds.
  path: Assets/Update/Isometric Tower Defense Pack/Sprites/Enviroument tiles/Winter biome/snow decoration/snow_decoration(6).png
  artifactKey: Guid(5553d524fc8f6bd48b50faec6e392803) Importer(815301076,1909f56bfc062723c751e8b465ee728b)
Start importing Assets/Update/Isometric Tower Defense Pack/Sprites/Enviroument tiles/Winter biome/snow decoration/snow_decoration(6).png using Guid(5553d524fc8f6bd48b50faec6e392803) Importer(815301076,1909f56bfc062723c751e8b465ee728b)  -> (artifact id: '6204cd0a179a2e282cdbb9f55b1c5aed') in 0.020063 seconds 
========================================================================
Received Import Request.
  Time since last request: 0.000023 seconds.
  path: Assets/Update/Isometric Tower Defense Pack/Sprites/Enviroument tiles/Winter biome/snow decoration/snow_decoration(7).png
  artifactKey: Guid(53d30f288d928b848851d138e896e42a) Importer(815301076,1909f56bfc062723c751e8b465ee728b)
Start importing Assets/Update/Isometric Tower Defense Pack/Sprites/Enviroument tiles/Winter biome/snow decoration/snow_decoration(7).png using Guid(53d30f288d928b848851d138e896e42a) Importer(815301076,1909f56bfc062723c751e8b465ee728b)  -> (artifact id: '76e1e8b4c61f1a1add78037cea27b36a') in 0.021073 seconds 
========================================================================
Received Import Request.
  Time since last request: 0.000023 seconds.
  path: Assets/Update/Isometric Tower Defense Pack/Sprites/Enviroument tiles/Spring biome/stones/stone(3).png
  artifactKey: Guid(3b6c6caa3a10c2f43973bdf9999a2dd6) Importer(815301076,1909f56bfc062723c751e8b465ee728b)
Start importing Assets/Update/Isometric Tower Defense Pack/Sprites/Enviroument tiles/Spring biome/stones/stone(3).png using Guid(3b6c6caa3a10c2f43973bdf9999a2dd6) Importer(815301076,1909f56bfc062723c751e8b465ee728b)  -> (artifact id: 'c8d207e20fad2baebc0764d99f19a1a2') in 0.023498 seconds 
========================================================================
Received Import Request.
  Time since last request: 0.000023 seconds.
  path: Assets/Update/Isometric Tower Defense Pack/Sprites/Enviroument tiles/Spring biome/stones/stone(4).png
  artifactKey: Guid(9b6a9f7ca5a036a47afe1a5185b0137a) Importer(815301076,1909f56bfc062723c751e8b465ee728b)
Start importing Assets/Update/Isometric Tower Defense Pack/Sprites/Enviroument tiles/Spring biome/stones/stone(4).png using Guid(9b6a9f7ca5a036a47afe1a5185b0137a) Importer(815301076,1909f56bfc062723c751e8b465ee728b)  -> (artifact id: '5f7adca0a5a4357af1a2de3c0ff11237') in 0.022045 seconds 
========================================================================
Received Import Request.
  Time since last request: 0.000025 seconds.
  path: Assets/Update/Isometric Tower Defense Pack/Sprites/Enviroument tiles/Spring biome/stones/stone_ground(1).png
  artifactKey: Guid(458159c0b56d251409099ae1adb4cd31) Importer(815301076,1909f56bfc062723c751e8b465ee728b)
Start importing Assets/Update/Isometric Tower Defense Pack/Sprites/Enviroument tiles/Spring biome/stones/stone_ground(1).png using Guid(458159c0b56d251409099ae1adb4cd31) Importer(815301076,1909f56bfc062723c751e8b465ee728b)  -> (artifact id: 'dc142f579cb21b48cbea2cf3a1871e22') in 0.021198 seconds 
========================================================================
Received Import Request.
  Time since last request: 0.000026 seconds.
  path: Assets/Update/Isometric Tower Defense Pack/Sprites/Enviroument tiles/Spring biome/stones/stone(1).png
  artifactKey: Guid(99288fc4fcf307e41962dfbbf115a3f2) Importer(815301076,1909f56bfc062723c751e8b465ee728b)
Start importing Assets/Update/Isometric Tower Defense Pack/Sprites/Enviroument tiles/Spring biome/stones/stone(1).png using Guid(99288fc4fcf307e41962dfbbf115a3f2) Importer(815301076,1909f56bfc062723c751e8b465ee728b)  -> (artifact id: 'c1721cc9f066342a79574cb621dd6e2a') in 0.021720 seconds 
========================================================================
Received Import Request.
  Time since last request: 0.000019 seconds.
  path: Assets/Update/Isometric Tower Defense Pack/Sprites/Enviroument tiles/Spring biome/stones/stone_ground(4).png
  artifactKey: Guid(dcdfee5539034494890d4cd802306a1d) Importer(815301076,1909f56bfc062723c751e8b465ee728b)
Start importing Assets/Update/Isometric Tower Defense Pack/Sprites/Enviroument tiles/Spring biome/stones/stone_ground(4).png using Guid(dcdfee5539034494890d4cd802306a1d) Importer(815301076,1909f56bfc062723c751e8b465ee728b)  -> (artifact id: 'b814abefee402ba42e7a04fd2ff78717') in 0.021599 seconds 
========================================================================
Received Import Request.
  Time since last request: 0.125812 seconds.
  path: Assets/Update/Isometric Tower Defense Pack/Sprites/Enviroument tiles/Desert biome/stones/stone_sand(2).png
  artifactKey: Guid(d9ae7d562e138df44ab78a99385244f7) Importer(815301076,1909f56bfc062723c751e8b465ee728b)
Start importing Assets/Update/Isometric Tower Defense Pack/Sprites/Enviroument tiles/Desert biome/stones/stone_sand(2).png using Guid(d9ae7d562e138df44ab78a99385244f7) Importer(815301076,1909f56bfc062723c751e8b465ee728b)  -> (artifact id: 'feeb75e1d2a01edd28a8c2e608af01ca') in 0.018843 seconds 
========================================================================
Received Import Request.
  Time since last request: 0.000017 seconds.
  path: Assets/Update/Isometric Tower Defense Pack/Sprites/Enviroument tiles/Spring biome/trees/tree(1).png
  artifactKey: Guid(0e839f0458eee0048bfb70d395c8cbf9) Importer(815301076,1909f56bfc062723c751e8b465ee728b)
Start importing Assets/Update/Isometric Tower Defense Pack/Sprites/Enviroument tiles/Spring biome/trees/tree(1).png using Guid(0e839f0458eee0048bfb70d395c8cbf9) Importer(815301076,1909f56bfc062723c751e8b465ee728b)  -> (artifact id: '57dae59464c15758aabfa5be849a6e16') in 0.022145 seconds 
========================================================================
Received Import Request.
  Time since last request: 0.000033 seconds.
  path: Assets/Update/Isometric Tower Defense Pack/Sprites/Enviroument tiles/Winter biome/trees/tree_winter(2).png
  artifactKey: Guid(df08f1a9cc8663448bb4a0eee0bca193) Importer(815301076,1909f56bfc062723c751e8b465ee728b)
Start importing Assets/Update/Isometric Tower Defense Pack/Sprites/Enviroument tiles/Winter biome/trees/tree_winter(2).png using Guid(df08f1a9cc8663448bb4a0eee0bca193) Importer(815301076,1909f56bfc062723c751e8b465ee728b)  -> (artifact id: '7d759dde78f96bff872dee983408ce73') in 0.022289 seconds 
========================================================================
Received Import Request.
  Time since last request: 0.000033 seconds.
  path: Assets/Update/Isometric Tower Defense Pack/Sprites/UFO/UFO(2).png
  artifactKey: Guid(830f414c72c24bc49a7f8674c8716d8c) Importer(815301076,1909f56bfc062723c751e8b465ee728b)
Start importing Assets/Update/Isometric Tower Defense Pack/Sprites/UFO/UFO(2).png using Guid(830f414c72c24bc49a7f8674c8716d8c) Importer(815301076,1909f56bfc062723c751e8b465ee728b)  -> (artifact id: '023fdf02565b4b695f021bf8634d4ec1') in 0.022703 seconds 
========================================================================
Received Import Request.
  Time since last request: 0.000018 seconds.
  path: Assets/Update/Isometric Tower Defense Pack/Sprites/Enviroument tiles/Desert biome/stones/stone_sand(4).png
  artifactKey: Guid(9d1b45fa9d6b5874190dd6ec464a63bd) Importer(815301076,1909f56bfc062723c751e8b465ee728b)
Start importing Assets/Update/Isometric Tower Defense Pack/Sprites/Enviroument tiles/Desert biome/stones/stone_sand(4).png using Guid(9d1b45fa9d6b5874190dd6ec464a63bd) Importer(815301076,1909f56bfc062723c751e8b465ee728b)  -> (artifact id: '5bf962df3cd98f0b06ffc24bd697fab5') in 0.021961 seconds 
========================================================================
Received Import Request.
  Time since last request: 0.000024 seconds.
  path: Assets/Update/Isometric Tower Defense Pack/Sprites/Enviroument tiles/Spring biome/trees/tree(2).png
  artifactKey: Guid(674780f38ed8c414f9f20d549a6438e6) Importer(815301076,1909f56bfc062723c751e8b465ee728b)
Start importing Assets/Update/Isometric Tower Defense Pack/Sprites/Enviroument tiles/Spring biome/trees/tree(2).png using Guid(674780f38ed8c414f9f20d549a6438e6) Importer(815301076,1909f56bfc062723c751e8b465ee728b)  -> (artifact id: '97e0848d5986484c669f7ff520f9b06c') in 0.020512 seconds 
========================================================================
Received Import Request.
  Time since last request: 0.083852 seconds.
  path: Assets/Update/Isometric Tower Defense Pack/Sprites/UFO/UFO(4).png
  artifactKey: Guid(7990003ecdd5f5a43bde8b0526ca7b78) Importer(815301076,1909f56bfc062723c751e8b465ee728b)
Start importing Assets/Update/Isometric Tower Defense Pack/Sprites/UFO/UFO(4).png using Guid(7990003ecdd5f5a43bde8b0526ca7b78) Importer(815301076,1909f56bfc062723c751e8b465ee728b)  -> (artifact id: '86b9aa20a8d55f26c10b90e011185f48') in 0.020470 seconds 
========================================================================
Received Import Request.
  Time since last request: 0.000023 seconds.
  path: Assets/Update/Isometric Tower Defense Pack/Sprites/UFO/UFO(5).png
  artifactKey: Guid(59b7bd07573512e42a6820bce6f9d2ff) Importer(815301076,1909f56bfc062723c751e8b465ee728b)
Start importing Assets/Update/Isometric Tower Defense Pack/Sprites/UFO/UFO(5).png using Guid(59b7bd07573512e42a6820bce6f9d2ff) Importer(815301076,1909f56bfc062723c751e8b465ee728b)  -> (artifact id: '0ec32ab5b0d8be04629ad15fbc0d04b0') in 0.023297 seconds 
========================================================================
Received Import Request.
  Time since last request: 0.000039 seconds.
  path: Assets/Update/Isometric Tower Defense Pack/Sprites/Towers/Wizard/wizard_bullet.png
  artifactKey: Guid(36586f9e70906b84b8782f53c32150ca) Importer(815301076,1909f56bfc062723c751e8b465ee728b)
Start importing Assets/Update/Isometric Tower Defense Pack/Sprites/Towers/Wizard/wizard_bullet.png using Guid(36586f9e70906b84b8782f53c32150ca) Importer(815301076,1909f56bfc062723c751e8b465ee728b)  -> (artifact id: '947b7c1369bea4a41b140da09a9838f6') in 0.020513 seconds 
========================================================================
Received Import Request.
  Time since last request: 0.000036 seconds.
  path: Assets/Update/Isometric Tower Defense Pack/Sprites/UFO/UFO(6).png
  artifactKey: Guid(c24e8e31d8b43354ca85f0e4cc8e578f) Importer(815301076,1909f56bfc062723c751e8b465ee728b)
Start importing Assets/Update/Isometric Tower Defense Pack/Sprites/UFO/UFO(6).png using Guid(c24e8e31d8b43354ca85f0e4cc8e578f) Importer(815301076,1909f56bfc062723c751e8b465ee728b)  -> (artifact id: '702ca50a0f0f1c886b37dd5be4a6d589') in 0.022144 seconds 
Editor requested this worker to shutdown with reason: Scaling down because of idle timeout
AssetImportWorker is now disconnected from the server
Process exiting
Exiting without the bug reporter. Application will terminate with return code 0